{"/Users/dplus/Desktop/job-quest-2020/src/functions/quest-2020.js": {"path":"/Users/dplus/Desktop/job-quest-2020/src/functions/quest-2020.js","statementMap":{"0":{"start":{"line":2,"column":0},"end":{"line":12,"column":1}},"1":{"start":{"line":3,"column":12},"end":{"line":3,"column":13}},"2":{"start":{"line":3,"column":24},"end":{"line":3,"column":25}},"3":{"start":{"line":3,"column":34},"end":{"line":3,"column":35}},"4":{"start":{"line":4,"column":4},"end":{"line":9,"column":5}},"5":{"start":{"line":5,"column":8},"end":{"line":5,"column":17}},"6":{"start":{"line":6,"column":8},"end":{"line":6,"column":23}},"7":{"start":{"line":7,"column":8},"end":{"line":7,"column":22}},"8":{"start":{"line":8,"column":8},"end":{"line":8,"column":11}},"9":{"start":{"line":10,"column":4},"end":{"line":10,"column":17}},"10":{"start":{"line":13,"column":0},"end":{"line":22,"column":1}},"11":{"start":{"line":14,"column":4},"end":{"line":14,"column":35}},"12":{"start":{"line":14,"column":26},"end":{"line":14,"column":35}},"13":{"start":{"line":15,"column":4},"end":{"line":15,"column":102}},"14":{"start":{"line":15,"column":55},"end":{"line":15,"column":102}},"15":{"start":{"line":16,"column":19},"end":{"line":16,"column":54}},"16":{"start":{"line":17,"column":13},"end":{"line":17,"column":21}},"17":{"start":{"line":18,"column":13},"end":{"line":18,"column":21}},"18":{"start":{"line":19,"column":4},"end":{"line":19,"column":88}},"19":{"start":{"line":20,"column":4},"end":{"line":20,"column":88}},"20":{"start":{"line":21,"column":4},"end":{"line":21,"column":66}},"21":{"start":{"line":23,"column":0},"end":{"line":29,"column":1}},"22":{"start":{"line":24,"column":4},"end":{"line":24,"column":41}},"23":{"start":{"line":24,"column":26},"end":{"line":24,"column":41}},"24":{"start":{"line":25,"column":21},"end":{"line":25,"column":38}},"25":{"start":{"line":26,"column":16},"end":{"line":26,"column":48}},"26":{"start":{"line":27,"column":4},"end":{"line":27,"column":74}},"27":{"start":{"line":28,"column":4},"end":{"line":28,"column":43}},"28":{"start":{"line":30,"column":0},"end":{"line":46,"column":1}},"29":{"start":{"line":31,"column":17},"end":{"line":31,"column":20}},"30":{"start":{"line":32,"column":16},"end":{"line":36,"column":5}},"31":{"start":{"line":37,"column":4},"end":{"line":43,"column":5}},"32":{"start":{"line":37,"column":17},"end":{"line":37,"column":18}},"33":{"start":{"line":38,"column":21},"end":{"line":38,"column":35}},"34":{"start":{"line":39,"column":21},"end":{"line":39,"column":30}},"35":{"start":{"line":40,"column":25},"end":{"line":40,"column":36}},"36":{"start":{"line":41,"column":22},"end":{"line":41,"column":66}},"37":{"start":{"line":42,"column":8},"end":{"line":42,"column":27}},"38":{"start":{"line":44,"column":4},"end":{"line":44,"column":25}}},"fnMap":{"0":{"name":"(anonymous_0)","decl":{"start":{"line":2,"column":28},"end":{"line":2,"column":29}},"loc":{"start":{"line":2,"column":35},"end":{"line":12,"column":1}},"line":2},"1":{"name":"(anonymous_1)","decl":{"start":{"line":13,"column":21},"end":{"line":13,"column":22}},"loc":{"start":{"line":13,"column":44},"end":{"line":22,"column":1}},"line":13},"2":{"name":"(anonymous_2)","decl":{"start":{"line":23,"column":20},"end":{"line":23,"column":21}},"loc":{"start":{"line":23,"column":29},"end":{"line":29,"column":1}},"line":23},"3":{"name":"(anonymous_3)","decl":{"start":{"line":30,"column":19},"end":{"line":30,"column":20}},"loc":{"start":{"line":30,"column":26},"end":{"line":46,"column":1}},"line":30}},"branchMap":{"0":{"loc":{"start":{"line":14,"column":4},"end":{"line":14,"column":35}},"type":"if","locations":[{"start":{"line":14,"column":4},"end":{"line":14,"column":35}},{"start":{"line":14,"column":4},"end":{"line":14,"column":35}}],"line":14},"1":{"loc":{"start":{"line":15,"column":4},"end":{"line":15,"column":102}},"type":"if","locations":[{"start":{"line":15,"column":4},"end":{"line":15,"column":102}},{"start":{"line":15,"column":4},"end":{"line":15,"column":102}}],"line":15},"2":{"loc":{"start":{"line":15,"column":8},"end":{"line":15,"column":53}},"type":"binary-expr","locations":[{"start":{"line":15,"column":8},"end":{"line":15,"column":29}},{"start":{"line":15,"column":33},"end":{"line":15,"column":53}}],"line":15},"3":{"loc":{"start":{"line":16,"column":19},"end":{"line":16,"column":54}},"type":"cond-expr","locations":[{"start":{"line":16,"column":36},"end":{"line":16,"column":50}},{"start":{"line":16,"column":53},"end":{"line":16,"column":54}}],"line":16},"4":{"loc":{"start":{"line":19,"column":4},"end":{"line":19,"column":88}},"type":"cond-expr","locations":[{"start":{"line":19,"column":28},"end":{"line":19,"column":54}},{"start":{"line":19,"column":57},"end":{"line":19,"column":88}}],"line":19},"5":{"loc":{"start":{"line":20,"column":4},"end":{"line":20,"column":88}},"type":"cond-expr","locations":[{"start":{"line":20,"column":28},"end":{"line":20,"column":63}},{"start":{"line":20,"column":66},"end":{"line":20,"column":88}}],"line":20},"6":{"loc":{"start":{"line":21,"column":11},"end":{"line":21,"column":66}},"type":"cond-expr","locations":[{"start":{"line":21,"column":35},"end":{"line":21,"column":49}},{"start":{"line":21,"column":52},"end":{"line":21,"column":66}}],"line":21},"7":{"loc":{"start":{"line":24,"column":4},"end":{"line":24,"column":41}},"type":"if","locations":[{"start":{"line":24,"column":4},"end":{"line":24,"column":41}},{"start":{"line":24,"column":4},"end":{"line":24,"column":41}}],"line":24},"8":{"loc":{"start":{"line":27,"column":4},"end":{"line":27,"column":74}},"type":"binary-expr","locations":[{"start":{"line":27,"column":4},"end":{"line":27,"column":25}},{"start":{"line":27,"column":29},"end":{"line":27,"column":74}}],"line":27},"9":{"loc":{"start":{"line":41,"column":22},"end":{"line":41,"column":66}},"type":"binary-expr","locations":[{"start":{"line":41,"column":22},"end":{"line":41,"column":35}},{"start":{"line":41,"column":39},"end":{"line":41,"column":48}},{"start":{"line":41,"column":52},"end":{"line":41,"column":61}},{"start":{"line":41,"column":65},"end":{"line":41,"column":66}}],"line":41}},"s":{"0":1,"1":3,"2":3,"3":3,"4":3,"5":16,"6":16,"7":16,"8":16,"9":3,"10":1,"11":3,"12":1,"13":2,"14":0,"15":2,"16":2,"17":2,"18":2,"19":2,"20":2,"21":1,"22":5,"23":1,"24":4,"25":4,"26":4,"27":4,"28":1,"29":3,"30":3,"31":3,"32":3,"33":88,"34":88,"35":88,"36":88,"37":88,"38":3},"f":{"0":3,"1":3,"2":5,"3":3},"b":{"0":[1,2],"1":[0,2],"2":[2,1],"3":[0,2],"4":[1,1],"5":[1,1],"6":[1,1],"7":[1,4],"8":[4,2],"9":[88,76,51,45]},"_coverageSchema":"1a1c01bbd47fc00a2c39e90264f33305004495a9","hash":"5222c0679e290e8577579d8cf9f9701f1b6c85af"}
}
