TN:
SF:src/functions/quest-2020.js
FN:2,(anonymous_0)
FN:13,(anonymous_1)
FN:23,(anonymous_2)
FNF:3
FNH:3
FNDA:3,(anonymous_0)
FNDA:3,(anonymous_1)
FNDA:5,(anonymous_2)
DA:2,1
DA:3,3
DA:4,3
DA:5,16
DA:6,16
DA:7,16
DA:8,16
DA:10,3
DA:13,1
DA:14,3
DA:15,2
DA:16,2
DA:17,2
DA:18,2
DA:19,2
DA:20,2
DA:21,2
DA:23,1
DA:24,5
DA:25,4
DA:26,4
DA:27,4
DA:28,4
LF:23
LH:23
BRDA:14,0,0,1
BRDA:14,0,1,2
BRDA:15,1,0,0
BRDA:15,1,1,2
BRDA:15,2,0,2
BRDA:15,2,1,1
BRDA:16,3,0,0
BRDA:16,3,1,2
BRDA:19,4,0,1
BRDA:19,4,1,1
BRDA:20,5,0,1
BRDA:20,5,1,1
BRDA:21,6,0,1
BRDA:21,6,1,1
BRDA:24,7,0,1
BRDA:24,7,1,4
BRDA:27,8,0,4
BRDA:27,8,1,2
BRF:18
BRH:16
end_of_record
